[INFO ] 2019-08-29 06:09:55,539 com.scrum.log.LoggerMain - Logging initialized.
[WARN ] 2019-08-29 06:09:55,540 com.scrum.log.LoggerMain - New Intro
[INFO ] 2019-08-29 08:41:01,616 com.scrum.log.LoggerMain - Logging initialized.
[WARN ] 2019-08-29 08:41:17,678 com.scrum.log.LoggerMain - New Introduction
[INFO ] 2019-08-29 09:00:28,773 com.scrum.log.LoggerMain - Logging initialized.
[INFO ] 2019-08-29 09:44:37,885 com.scrum.log.LoggerMain - Logging initialized.
[WARN ] 2019-08-29 09:44:47,785 com.scrum.log.LoggerMain - New Introduction
[INFO ] 2019-08-29 09:46:10,734 com.scrum.log.LoggerMain - Logging initialized.
[WARN ] 2019-08-29 09:46:16,151 com.scrum.log.LoggerMain - New Introduction
[INFO ] 2019-08-29 09:52:29,938 com.scrum.log.LoggerMain - Logging initialized.
[WARN ] 2019-08-29 09:52:35,310 com.scrum.log.LoggerMain - New Introduction
[INFO ] 2019-08-29 09:54:49,012 com.scrum.log.LoggerMain - Logging initialized.
[WARN ] 2019-08-29 09:54:53,520 com.scrum.log.LoggerMain - New Introduction
[WARN ] 2019-08-29 09:54:55,817 com.scrum.log.LoggerMain - New Introduction
[WARN ] 2019-08-29 09:55:16,077 com.scrum.log.LoggerMain - New Introduction
[WARN ] 2019-08-29 09:55:17,798 com.scrum.log.LoggerMain - New Introduction
[WARN ] 2019-08-29 09:55:26,465 com.scrum.log.LoggerMain - New Introduction
[INFO ] 2019-08-29 09:56:28,251 com.scrum.log.LoggerMain - Logging initialized.
[WARN ] 2019-08-29 09:56:34,337 com.scrum.log.LoggerMain - New Introduction
[WARN ] 2019-08-29 09:56:35,425 com.scrum.log.LoggerMain - New Introduction
[WARN ] 2019-08-29 09:56:37,590 com.scrum.log.LoggerMain - New Introduction
[INFO ] 2019-08-29 09:57:30,772 com.scrum.log.LoggerMain - Logging initialized.
[WARN ] 2019-08-29 09:57:35,591 com.scrum.log.LoggerMain - New Introduction
[WARN ] 2019-08-29 09:57:36,397 com.scrum.log.LoggerMain - New Introduction
[WARN ] 2019-08-29 09:57:37,119 com.scrum.log.LoggerMain - New Introduction
[INFO ] 2019-08-29 09:59:20,307 com.scrum.log.LoggerMain - Logging initialized.
[WARN ] 2019-08-29 09:59:26,765 com.scrum.log.LoggerMain - New Introduction
[INFO ] 2019-08-29 10:00:04,955 com.scrum.log.LoggerMain - Logging initialized.
[INFO ] 2019-08-29 10:02:40,356 com.scrum.log.LoggerMain - Logging initialized.
[INFO ] 2019-08-29 10:03:23,037 com.scrum.log.LoggerMain - Logging initialized.
[INFO ] 2019-08-29 10:15:55,312 com.scrum.log.LoggerMain - Logging initialized.
[INFO ] 2019-08-29 10:21:42,337 com.scrum.log.LoggerMain - Logging initialized.
[INFO ] 2019-08-29 10:31:17,549 com.scrum.log.LoggerMain - Logging initialized.
[INFO ] 2019-08-29 10:31:34,024 com.scrum.log.LoggerMain - Logging initialized.
[INFO ] 2019-08-29 10:33:09,583 com.scrum.log.LoggerMain - Logging initialized.
[INFO ] 2019-08-29 13:18:51,593 com.scrum.log.LoggerMain - Logging initialized.
[INFO ] 2019-08-29 13:26:08,598 com.scrum.log.LoggerMain - Logging initialized.
[INFO ] 2019-08-29 13:26:40,643 com.scrum.log.LoggerMain - Logging initialized.
[INFO ] 2019-08-29 13:31:33,259 com.scrum.log.LoggerMain - Logging initialized.
[INFO ] 2019-08-29 13:31:49,959 com.scrum.log.LoggerMain - Logging initialized.
[INFO ] 2019-08-29 13:32:04,164 com.scrum.log.LoggerMain - Logging initialized.
[INFO ] 2019-08-29 13:33:23,118 com.scrum.log.LoggerMain - Logging initialized.
[INFO ] 2019-08-29 13:33:52,663 com.scrum.log.LoggerMain - Logging initialized.
[INFO ] 2019-08-29 13:33:55,931 com.scrum.log.LoggerMain - Logging initialized.
[INFO ] 2019-08-29 13:35:00,023 com.scrum.log.LoggerMain - Logging initialized.
[INFO ] 2019-08-29 13:35:46,560 com.scrum.log.LoggerMain - Logging initialized.
[INFO ] 2019-08-29 13:37:44,811 com.scrum.log.LoggerMain - Logging initialized.
[INFO ] 2019-08-29 13:38:17,060 com.scrum.log.LoggerMain - Logging initialized.
[INFO ] 2019-08-29 13:41:20,641 com.scrum.log.LoggerMain - Logging initialized.
[INFO ] 2019-08-29 13:42:27,300 com.scrum.log.LoggerMain - Logging initialized.
[INFO ] 2019-08-29 13:46:58,717 com.scrum.log.LoggerMain - Logging initialized.
[INFO ] 2019-08-29 13:48:25,112 com.scrum.log.LoggerMain - Logging initialized.
[INFO ] 2019-08-29 13:49:36,942 com.scrum.log.LoggerMain - Logging initialized.
[INFO ] 2019-08-29 13:50:14,029 com.scrum.log.LoggerMain - Logging initialized.
[INFO ] 2019-08-29 14:33:11,891 com.scrum.log.LoggerMain - Logging initialized.
[INFO ] 2019-08-29 14:35:06,142 com.scrum.log.LoggerMain - Logging initialized.
[INFO ] 2019-08-29 14:35:30,271 com.scrum.log.LoggerMain - Logging initialized.
[INFO ] 2019-08-29 14:36:46,930 com.scrum.log.LoggerMain - Logging initialized.
[INFO ] 2019-08-29 14:37:57,645 com.scrum.log.LoggerMain - Logging initialized.
[INFO ] 2019-08-29 14:38:45,932 com.scrum.log.LoggerMain - Logging initialized.
[INFO ] 2019-08-29 14:39:59,430 com.scrum.log.LoggerMain - Logging initialized.
[INFO ] 2019-08-29 14:40:29,782 com.scrum.log.LoggerMain - Logging initialized.
[INFO ] 2019-08-29 14:42:44,231 com.scrum.log.LoggerMain - Logging initialized.
[INFO ] 2019-08-29 14:43:31,756 com.scrum.log.LoggerMain - Logging initialized.
[INFO ] 2019-08-29 14:44:18,960 com.scrum.log.LoggerMain - Logging initialized.
[INFO ] 2019-08-29 14:45:44,245 com.scrum.log.LoggerMain - Logging initialized.
[INFO ] 2019-08-29 14:45:57,078 com.scrum.log.LoggerMain - Logging initialized.
[INFO ] 2019-08-29 14:46:05,474 com.scrum.log.LoggerMain - Logging initialized.
[INFO ] 2019-08-29 14:46:47,357 com.scrum.log.LoggerMain - Logging initialized.
[INFO ] 2019-08-29 14:47:48,318 com.scrum.log.LoggerMain - Logging initialized.
[INFO ] 2019-08-29 14:48:11,208 com.scrum.log.LoggerMain - Logging initialized.
[INFO ] 2019-08-29 14:50:03,563 com.scrum.log.LoggerMain - Logging initialized.
[INFO ] 2019-08-29 14:50:49,579 com.scrum.log.LoggerMain - Logging initialized.
[INFO ] 2019-08-29 14:51:08,759 com.scrum.log.LoggerMain - Logging initialized.
[INFO ] 2019-08-29 14:51:25,370 com.scrum.log.LoggerMain - Logging initialized.
[INFO ] 2019-08-29 14:51:40,332 com.scrum.log.LoggerMain - Logging initialized.
[INFO ] 2019-08-29 14:52:06,203 com.scrum.log.LoggerMain - Logging initialized.
[INFO ] 2019-08-29 14:53:10,347 com.scrum.log.LoggerMain - Logging initialized.
[INFO ] 2019-08-29 14:53:57,486 com.scrum.log.LoggerMain - Logging initialized.
[INFO ] 2019-08-29 14:55:04,647 com.scrum.log.LoggerMain - Logging initialized.
[INFO ] 2019-08-29 14:55:22,134 com.scrum.log.LoggerMain - Logging initialized.
[INFO ] 2019-08-29 14:56:27,909 com.scrum.log.LoggerMain - Logging initialized.
[INFO ] 2019-08-29 14:59:04,790 com.scrum.log.LoggerMain - Logging initialized.
[INFO ] 2019-08-29 14:59:39,226 com.scrum.log.LoggerMain - Logging initialized.[INFO ] 2019-08-29 16:06:12,882 com.scrum.log.LoggerMain - Logging initialized.
[INFO ] 2019-08-29 16:08:44,939 com.scrum.log.LoggerMain - Logging initialized.
[INFO ] 2019-08-29 16:09:13,765 com.scrum.log.LoggerMain - Logging initialized.
[INFO ] 2019-08-29 16:13:54,219 com.scrum.log.LoggerMain - Logging initialized.
[INFO ] 2019-08-29 16:14:40,585 com.scrum.log.LoggerMain - Logging initialized.
[INFO ] 2019-08-29 16:16:01,765 com.scrum.log.LoggerMain - Logging initialized.
[INFO ] 2019-08-29 16:17:11,117 com.scrum.log.LoggerMain - Logging initialized.
[INFO ] 2019-08-29 16:28:16,400 com.scrum.log.LoggerMain - New session
[INFO ] 2019-08-29 16:28:28,472 com.scrum.log.LoggerMain - Task addition requested
[INFO ] 2019-08-29 16:28:40,970 com.scrum.log.LoggerMain - New session
[INFO ] 2019-08-29 16:28:45,729 com.scrum.log.LoggerMain - Task addition requested
[INFO ] 2019-08-29 16:28:51,689 com.scrum.log.LoggerMain - Task addition requested
[INFO ] 2019-08-29 16:36:29,202 com.scrum.log.LoggerMain - New session
[INFO ] 2019-08-29 16:36:50,667 com.scrum.log.LoggerMain - New session
[INFO ] 2019-08-29 16:38:00,744 com.scrum.log.LoggerMain - New session
[INFO ] 2019-08-29 16:38:12,121 com.scrum.log.LoggerMain - Task addition requested
[INFO ] 2019-08-29 16:38:31,389 com.scrum.log.LoggerMain - New session
[INFO ] 2019-08-29 16:38:33,757 com.scrum.log.LoggerMain - Task addition requested
[INFO ] 2019-08-29 16:39:49,549 com.scrum.log.LoggerMain - New session
[INFO ] 2019-08-29 16:39:51,989 com.scrum.log.LoggerMain - Task addition requested
[INFO ] 2019-08-29 16:40:46,481 com.scrum.log.LoggerMain - New session
[INFO ] 2019-08-29 16:41:21,627 com.scrum.log.LoggerMain - New session
[INFO ] 2019-08-29 16:45:00,677 com.scrum.log.LoggerMain - New session
[INFO ] 2019-08-29 16:45:09,759 com.scrum.log.LoggerMain - Root page called
[INFO ] 2019-08-29 16:47:05,475 com.scrum.log.LoggerMain - New session
[INFO ] 2019-08-29 16:47:27,392 com.scrum.log.LoggerMain - New session
[INFO ] 2019-08-29 16:50:05,382 com.scrum.log.LoggerMain - New session
[INFO ] 2019-08-29 16:52:54,198 com.scrum.log.LoggerMain - New session
[INFO ] 2019-08-29 16:53:21,691 com.scrum.log.LoggerMain - All tasks requested
[INFO ] 2019-08-29 16:53:21,808 com.scrum.log.LoggerMain - All tasks requested
[INFO ] 2019-08-29 17:00:03,900 com.scrum.log.LoggerMain - New session
[INFO ] 2019-08-29 17:00:22,574 com.scrum.log.LoggerMain - New session
[INFO ] 2019-08-29 17:02:29,650 com.scrum.log.LoggerMain - New session
[INFO ] 2019-08-29 17:02:57,527 com.scrum.log.LoggerMain - New session
[INFO ] 2019-08-29 17:06:15,027 com.scrum.log.LoggerMain - New session
[INFO ] 2019-08-29 17:07:18,779 com.scrum.log.LoggerMain - New session
[INFO ] 2019-08-29 17:09:24,253 com.scrum.log.LoggerMain - New session
[INFO ] 2019-08-29 17:10:22,000 com.scrum.log.LoggerMain - New session
